<?xml version="1.0" encoding="UTF-8"?>
<!-- Generated by org.testng.reporters.JUnitReportReporter -->
<testsuite hostname="kmmedical" name="ortho.eoc.hipcliniceval" tests="1" failures="0" timestamp="7 Oct 2014 07:26:51 GMT" time="59.343" errors="0">
  <testcase name="search" time="59.343" classname="ortho.eoc.hipcliniceval"/>
</testsuite> <!-- ortho.eoc.hipcliniceval -->
