<?xml version="1.0" encoding="UTF-8"?>
<!-- Generated by org.testng.reporters.JUnitReportReporter -->
<testsuite hostname="kmmedical" name="ortho.eoc.NonarthScore" tests="1" failures="0" timestamp="9 Oct 2014 04:41:34 GMT" time="51.016" errors="0">
  <testcase name="search" time="51.016" classname="ortho.eoc.NonarthScore"/>
</testsuite> <!-- ortho.eoc.NonarthScore -->
