<?xml version="1.0" encoding="UTF-8"?>
<!-- Generated by org.testng.reporters.JUnitReportReporter -->
<testsuite hostname="kmmedical" name="ortho.eoc.xrayanalysis" tests="2" failures="0" timestamp="9 Oct 2014 04:41:34 GMT" time="70.987" errors="0">
  <testcase name="f" time="0.002" classname="ortho.eoc.xrayanalysis"/>
  <testcase name="search" time="70.985" classname="ortho.eoc.xrayanalysis"/>
</testsuite> <!-- ortho.eoc.xrayanalysis -->
